# Logfile created on 2018-11-26 01:05:54 +0100 by logger.rb/61378
  INFO ---------------------------------------------------------------------------
  INFO START 2018-11-26 01:05:54 +0100 cap production deploy
  INFO ---------------------------------------------------------------------------
  INFO [bac9a9e5] Running /usr/bin/env mkdir -p /tmp as keios@51.15.137.125
 DEBUG [bac9a9e5] Command: /usr/bin/env mkdir -p /tmp
  INFO ---------------------------------------------------------------------------
  INFO START 2018-11-26 01:06:31 +0100 cap production deploy
  INFO ---------------------------------------------------------------------------
  INFO [ffb8975e] Running /usr/bin/env mkdir -p /tmp as keios@51.15.137.125
 DEBUG [ffb8975e] Command: /usr/bin/env mkdir -p /tmp
  INFO [13775445] Finished in 2.936 seconds with exit status 0 (successful).
 DEBUG Uploading /tmp/git-ssh-alexandre_lairan-production-necros.sh 0.0%
  INFO Uploading /tmp/git-ssh-alexandre_lairan-production-necros.sh 100.0%
  INFO [d61f6ce6] Running /usr/bin/env chmod 700 /tmp/git-ssh-alexandre_lairan-production-necros.sh as keios@51.15.137.125
 DEBUG [d61f6ce6] Command: /usr/bin/env chmod 700 /tmp/git-ssh-alexandre_lairan-production-necros.sh
  INFO [6dd432fc] Finished in 0.118 seconds with exit status 0 (successful).
  INFO [cf238f41] Running /usr/bin/env git ls-remote git@github.com:alex-lairan/website.git HEAD as keios@51.15.137.125
 DEBUG [cf238f41] Command: ( export GIT_ASKPASS="/bin/echo" GIT_SSH="/tmp/git-ssh-alexandre_lairan-production-necros.sh" ; /usr/bin/env git ls-remote git@github.com:alex-lairan/website.git HEAD )
 DEBUG [410a5409] 	Warning: Permanently added 'github.com,140.82.118.3' (RSA) to the list of known hosts.
 DEBUG [410a5409] 	Permission denied (publickey).
 DEBUG [410a5409] 	fatal: Could not read from remote repository.

Please make sure you have the correct access rights
 DEBUG [410a5409] 	and the repository exists.
  INFO ---------------------------------------------------------------------------
  INFO START 2018-11-26 01:07:20 +0100 cap production deploy
  INFO ---------------------------------------------------------------------------
  INFO [a6f7a41f] Running /usr/bin/env mkdir -p /tmp as keios@51.15.137.125
 DEBUG [a6f7a41f] Command: /usr/bin/env mkdir -p /tmp
  INFO [5171833f] Finished in 4.313 seconds with exit status 0 (successful).
 DEBUG Uploading /tmp/git-ssh-alexandre_lairan-production-necros.sh 0.0%
  INFO Uploading /tmp/git-ssh-alexandre_lairan-production-necros.sh 100.0%
  INFO [2156ba6b] Running /usr/bin/env chmod 700 /tmp/git-ssh-alexandre_lairan-production-necros.sh as keios@51.15.137.125
 DEBUG [2156ba6b] Command: /usr/bin/env chmod 700 /tmp/git-ssh-alexandre_lairan-production-necros.sh
  INFO [903d3556] Finished in 0.081 seconds with exit status 0 (successful).
  INFO [8ee8396c] Running /usr/bin/env git ls-remote https://github.com/alex-lairan/website.git HEAD as keios@51.15.137.125
 DEBUG [8ee8396c] Command: ( export GIT_ASKPASS="/bin/echo" GIT_SSH="/tmp/git-ssh-alexandre_lairan-production-necros.sh" ; /usr/bin/env git ls-remote https://github.com/alex-lairan/website.git HEAD )
 DEBUG [824c3f3a] 	4cd8eddca489a380771eca71c38cf22a26ae4158	HEAD
  INFO [824c3f3a] Finished in 0.761 seconds with exit status 0 (successful).
  INFO [e786ce2d] Running /usr/bin/env mkdir -p /data/alexandre_lairan/shared /data/alexandre_lairan/releases as keios@51.15.137.125
 DEBUG [e786ce2d] Command: /usr/bin/env mkdir -p /data/alexandre_lairan/shared /data/alexandre_lairan/releases
  INFO [1efcfa76] Finished in 0.076 seconds with exit status 0 (successful).
 DEBUG [b1b3f933] Running [ -f /data/alexandre_lairan/current/REVISION ] as keios@51.15.137.125
 DEBUG [b1b3f933] Command: [ -f /data/alexandre_lairan/current/REVISION ]
 DEBUG [cd60ed7e] Finished in 0.077 seconds with exit status 1 (failed).
 DEBUG [f6245858] Running [ -f /data/alexandre_lairan/repo/HEAD ] as keios@51.15.137.125
 DEBUG [f6245858] Command: [ -f /data/alexandre_lairan/repo/HEAD ]
 DEBUG [1499d1c1] Finished in 0.077 seconds with exit status 1 (failed).
 DEBUG [e8208820] Running if test ! -d /data/alexandre_lairan; then echo "Directory does not exist '/data/alexandre_lairan'" 1>&2; false; fi as keios@51.15.137.125
 DEBUG [e8208820] Command: if test ! -d /data/alexandre_lairan; then echo "Directory does not exist '/data/alexandre_lairan'" 1>&2; false; fi
 DEBUG [eaaebfa0] Finished in 0.079 seconds with exit status 0 (successful).
  INFO [d1c29f4c] Running /usr/bin/env git clone --mirror https://github.com/alex-lairan/website.git /data/alexandre_lairan/repo as keios@51.15.137.125
 DEBUG [d1c29f4c] Command: cd /data/alexandre_lairan && ( export GIT_ASKPASS="/bin/echo" GIT_SSH="/tmp/git-ssh-alexandre_lairan-production-necros.sh" ; /usr/bin/env git clone --mirror https://github.com/alex-lairan/website.git /data/alexandre_lairan/repo )
 DEBUG [aa4e47c2] 	Cloning into bare repository '/data/alexandre_lairan/repo'...
  INFO [aa4e47c2] Finished in 1.216 seconds with exit status 0 (successful).
 DEBUG [84df15ab] Running if test ! -d /data/alexandre_lairan/repo; then echo "Directory does not exist '/data/alexandre_lairan/repo'" 1>&2; false; fi as keios@51.15.137.125
 DEBUG [84df15ab] Command: if test ! -d /data/alexandre_lairan/repo; then echo "Directory does not exist '/data/alexandre_lairan/repo'" 1>&2; false; fi
 DEBUG [c709e095] Finished in 0.081 seconds with exit status 0 (successful).
  INFO [a291fe00] Running /usr/bin/env git remote set-url origin https://github.com/alex-lairan/website.git as keios@51.15.137.125
 DEBUG [a291fe00] Command: cd /data/alexandre_lairan/repo && ( export GIT_ASKPASS="/bin/echo" GIT_SSH="/tmp/git-ssh-alexandre_lairan-production-necros.sh" ; /usr/bin/env git remote set-url origin https://github.com/alex-lairan/website.git )
  INFO [6893feb1] Finished in 0.081 seconds with exit status 0 (successful).
  INFO [02e29246] Running /usr/bin/env git remote update --prune as keios@51.15.137.125
 DEBUG [02e29246] Command: cd /data/alexandre_lairan/repo && ( export GIT_ASKPASS="/bin/echo" GIT_SSH="/tmp/git-ssh-alexandre_lairan-production-necros.sh" ; /usr/bin/env git remote update --prune )
 DEBUG [22c5b9c8] 	Fetching origin
  INFO [22c5b9c8] Finished in 0.754 seconds with exit status 0 (successful).
 DEBUG [7b664da5] Running if test ! -d /data/alexandre_lairan/repo; then echo "Directory does not exist '/data/alexandre_lairan/repo'" 1>&2; false; fi as keios@51.15.137.125
 DEBUG [7b664da5] Command: if test ! -d /data/alexandre_lairan/repo; then echo "Directory does not exist '/data/alexandre_lairan/repo'" 1>&2; false; fi
 DEBUG [7111224f] Finished in 0.075 seconds with exit status 0 (successful).
  INFO [0f330f57] Running /usr/bin/env mkdir -p /data/alexandre_lairan/releases/20181126000726 as keios@51.15.137.125
 DEBUG [0f330f57] Command: cd /data/alexandre_lairan/repo && ( export GIT_ASKPASS="/bin/echo" GIT_SSH="/tmp/git-ssh-alexandre_lairan-production-necros.sh" ; /usr/bin/env mkdir -p /data/alexandre_lairan/releases/20181126000726 )
  INFO [fbe7b89c] Finished in 0.085 seconds with exit status 0 (successful).
  INFO [e94061d1] Running /usr/bin/env git archive master | /usr/bin/env tar -x -f - -C /data/alexandre_lairan/releases/20181126000726 as keios@51.15.137.125
 DEBUG [e94061d1] Command: cd /data/alexandre_lairan/repo && ( export GIT_ASKPASS="/bin/echo" GIT_SSH="/tmp/git-ssh-alexandre_lairan-production-necros.sh" ; /usr/bin/env git archive master | /usr/bin/env tar -x -f - -C /data/alexandre_lairan/releases/20181126000726 )
  INFO [8e3225cc] Finished in 0.097 seconds with exit status 0 (successful).
 DEBUG [6fe01d4d] Running if test ! -d /data/alexandre_lairan/repo; then echo "Directory does not exist '/data/alexandre_lairan/repo'" 1>&2; false; fi as keios@51.15.137.125
 DEBUG [6fe01d4d] Command: if test ! -d /data/alexandre_lairan/repo; then echo "Directory does not exist '/data/alexandre_lairan/repo'" 1>&2; false; fi
 DEBUG [3ddf1d1b] Finished in 0.079 seconds with exit status 0 (successful).
 DEBUG [c74e48cf] Running /usr/bin/env git rev-list --max-count=1 master as keios@51.15.137.125
 DEBUG [c74e48cf] Command: cd /data/alexandre_lairan/repo && ( export GIT_ASKPASS="/bin/echo" GIT_SSH="/tmp/git-ssh-alexandre_lairan-production-necros.sh" ; /usr/bin/env git rev-list --max-count=1 master )
 DEBUG [29f83b9a] 	4cd8eddca489a380771eca71c38cf22a26ae4158
 DEBUG [29f83b9a] Finished in 0.085 seconds with exit status 0 (successful).
 DEBUG [98843a64] Running if test ! -d /data/alexandre_lairan/releases/20181126000726; then echo "Directory does not exist '/data/alexandre_lairan/releases/20181126000726'" 1>&2; false; fi as keios@51.15.137.125
 DEBUG [98843a64] Command: if test ! -d /data/alexandre_lairan/releases/20181126000726; then echo "Directory does not exist '/data/alexandre_lairan/releases/20181126000726'" 1>&2; false; fi
 DEBUG [40143b35] Finished in 0.080 seconds with exit status 0 (successful).
  INFO [51c25f7a] Running /usr/bin/env echo "4cd8eddca489a380771eca71c38cf22a26ae4158" > REVISION as keios@51.15.137.125
 DEBUG [51c25f7a] Command: cd /data/alexandre_lairan/releases/20181126000726 && /usr/bin/env echo "4cd8eddca489a380771eca71c38cf22a26ae4158" > REVISION
  INFO [14579b4f] Finished in 0.078 seconds with exit status 0 (successful).
  INFO [23765105] Running /usr/bin/env ln -s /data/alexandre_lairan/releases/20181126000726 /data/alexandre_lairan/releases/current as keios@51.15.137.125
 DEBUG [23765105] Command: /usr/bin/env ln -s /data/alexandre_lairan/releases/20181126000726 /data/alexandre_lairan/releases/current
  INFO [bb42448a] Finished in 0.081 seconds with exit status 0 (successful).
  INFO [6cc308ed] Running /usr/bin/env mv /data/alexandre_lairan/releases/current /data/alexandre_lairan as keios@51.15.137.125
 DEBUG [6cc308ed] Command: /usr/bin/env mv /data/alexandre_lairan/releases/current /data/alexandre_lairan
  INFO [3ee9927f] Finished in 0.078 seconds with exit status 0 (successful).
 DEBUG [52b4211c] Running /usr/bin/env ls -x /data/alexandre_lairan/releases as keios@51.15.137.125
 DEBUG [52b4211c] Command: /usr/bin/env ls -x /data/alexandre_lairan/releases
 DEBUG [71cc8b56] 	20181126000726
 DEBUG [71cc8b56] Finished in 0.084 seconds with exit status 0 (successful).
 DEBUG [7f353a08] Running if test ! -d /data/alexandre_lairan/releases; then echo "Directory does not exist '/data/alexandre_lairan/releases'" 1>&2; false; fi as keios@51.15.137.125
 DEBUG [7f353a08] Command: if test ! -d /data/alexandre_lairan/releases; then echo "Directory does not exist '/data/alexandre_lairan/releases'" 1>&2; false; fi
 DEBUG [406f6939] Finished in 0.079 seconds with exit status 0 (successful).
  INFO [5b6c9bf3] Running /usr/bin/env echo "Branch master (at 4cd8eddca489a380771eca71c38cf22a26ae4158) deployed as release 20181126000726 by necros" >> /data/alexandre_lairan/revisions.log as keios@51.15.137.125
 DEBUG [5b6c9bf3] Command: cd /data/alexandre_lairan/releases && /usr/bin/env echo "Branch master (at 4cd8eddca489a380771eca71c38cf22a26ae4158) deployed as release 20181126000726 by necros" >> /data/alexandre_lairan/revisions.log
  INFO [ea7530d6] Finished in 0.081 seconds with exit status 0 (successful).
  INFO [c3d60479] Running cd '/data/alexandre_lairan/releases/20181126000726'; shards install as keios@51.15.137.125
 DEBUG [c3d60479] Command: cd '/data/alexandre_lairan/releases/20181126000726'; shards install
 DEBUG [58298f30] 	[92mFetching[0m https://github.com/amberframework/amber.git
 DEBUG [58298f30] 	[92mFetching[0m https://github.com/amberframework/amber-router.git
 DEBUG [58298f30] 	[92mFetching[0m https://github.com/mosop/cli.git
 DEBUG [58298f30] 	[92mFetching[0m https://github.com/mosop/optarg.git
 DEBUG [58298f30] 	[92mFetching[0m https://github.com/mosop/callback.git
 DEBUG [58298f30] 	[92mFetching[0m https://github.com/mosop/string_inflection.git
 DEBUG [58298f30] 	[92mFetching[0m https://github.com/elorest/compiled_license.git
 DEBUG [58298f30] 	[92mFetching[0m https://github.com/jeromegn/kilt.git
 DEBUG [58298f30] 	[92mFetching[0m https://github.com/TechMagister/liquid.cr.git
 DEBUG [58298f30] 	[92mFetching[0m https://github.com/phoffer/inflector.cr.git
 DEBUG [58298f30] 	[92mFetching[0m https://github.com/amberframework/micrate.git
 DEBUG [58298f30] 	[92mFetching[0m https://github.com/crystal-lang/crystal-db.git
 DEBUG [58298f30] 	[92mFetching[0m https://github.com/crystal-lang/crystal-mysql.git
 DEBUG [58298f30] 	[92mFetching[0m https://github.com/will/crystal-pg.git
 DEBUG [58298f30] 	[92mFetching[0m https://github.com/stefanwille/crystal-redis.git
 DEBUG [58298f30] 	[92mFetching[0m https://github.com/ysbaddaden/pool.git
 DEBUG [58298f30] 	[92mFetching[0m https://github.com/luckyframework/shell-table.cr.git
 DEBUG [58298f30] 	[92mFetching[0m https://github.com/jeromegn/slang.git
 DEBUG [58298f30] 	[92mFetching[0m https://github.com/crystal-lang/crystal-sqlite3.git
 DEBUG [58298f30] 	[92mFetching[0m https://github.com/mosop/teeplate.git
 DEBUG [58298f30] 	[92mFetching[0m https://github.com/amberframework/granite.git
 DEBUG [58298f30] 	[92mFetching[0m https://github.com/amberframework/quartz-mailer.git
 DEBUG [58298f30] 	[92mFetching[0m https://github.com/arcage/crystal-email.git
 DEBUG [58298f30] 	[92mFetching[0m https://github.com/amberframework/jasper-helpers.git
 DEBUG [58298f30] 	[92mFetching[0m https://github.com/amberframework/citrine-i18n.git
 DEBUG [58298f30] 	[92mFetching[0m https://github.com/TechMagister/i18n.cr.git
 DEBUG [58298f30] 	[92mFetching[0m https://github.com/amberframework/garnet-spec.git
 DEBUG [58298f30] 	[92mFetching[0m https://github.com/ysbaddaden/selenium-webdriver-crystal.git
 DEBUG [58298f30] 	[92mInstalling[0m amber (0.9.0)
 DEBUG [58298f30] 	[92mInstalling[0m amber_router (0.2.0)
 DEBUG [58298f30] 	[92mInstalling[0m cli (0.7.0)
 DEBUG [58298f30] 	[92mInstalling[0m optarg (0.5.8)
 DEBUG [58298f30] 	[92mInstalling[0m callback (0.6.3)
 DEBUG [58298f30] 	[92mInstalling[0m string_inflection (0.2.1)
 DEBUG [58298f30] 	[92mInstalling[0m compiled_license (0.1.3)
 DEBUG [58298f30] 	[92mInstalling[0m kilt (0.4.0)
 DEBUG [58298f30] 	[92mInstalling[0m liquid (0.3.0)
 DEBUG [58298f30] 	[92mInstalling[0m inflector (0.1.8)
 DEBUG [58298f30] 	[92mInstalling[0m micrate (0.3.3)
 DEBUG [58298f30] 	[92mInstalling[0m db (0.5.1)
 DEBUG [58298f30] 	[92mInstalling[0m mysql (0.5.1)
 DEBUG [58298f30] 	[92mInstalling[0m pg (0.15.0)
 DEBUG [58298f30] 	[92mInstalling[0m redis (2.0.0)
 DEBUG [58298f30] 	[92mInstalling[0m pool (0.2.3)
 DEBUG [58298f30] 	[92mInstalling[0m shell-table (0.9.2 at 078a04ea58ead5203bb435a3b5fff448ddabaeea)
 DEBUG [58298f30] 	[92mInstalling[0m slang (1.7.1)
 DEBUG [58298f30] 	[92mInstalling[0m sqlite3 (0.10.0)
 DEBUG [58298f30] 	[92mInstalling[0m teeplate (0.6.1)
 DEBUG [58298f30] 	[92mInstalling[0m granite (0.13.1)
 DEBUG [58298f30] 	[92mInstalling[0m quartz_mailer (0.5.2)
 DEBUG [58298f30] 	[31mOutdated[0m shard.lock (email requirements changed). Please run shards update instead.
